<?xml version="1.0" encoding="UTF-8"?>
<!-- Generated by org.testng.reporters.JUnitXMLReporter -->
<testsuite ignored="0" hostname="DESKTOP-098VFUB" failures="0" tests="4" name="Default test" time="10.0" errors="0" timestamp="2023-03-05T19:03:13 IST">
  <testcase classname="api.test.UserTests" name="test_createUser" time="4.102"/>
  <testcase classname="api.test.UserTests" name="test_getuserbyname" time="1.617"/>
  <testcase classname="api.test.UserTests" name="test_updateUser" time="2.521"/>
  <testcase classname="api.test.UserTests" name="test_deleteuserbyname" time="1.251"/>
</testsuite> <!-- Default test -->
