<?xml version="1.0" encoding="UTF-8"?>
<testng-results ignored="0" total="4" passed="4" failed="0" skipped="0">
  <reporter-output>
  </reporter-output>
  <suite started-at="2023-03-07T18:45:15 IST" name="PetSuite" finished-at="2023-03-07T18:45:25 IST" duration-ms="10816">
    <groups>
    </groups>
    <test started-at="2023-03-07T18:45:15 IST" name="PetTests" finished-at="2023-03-07T18:45:25 IST" duration-ms="10816">
      <class name="api.test.UserTests">
        <test-method is-config="true" signature="setup()[pri:0, instance:api.test.UserTests@4a883b15]" started-at="2023-03-07T18:45:15 IST" name="setup" finished-at="2023-03-07T18:45:15 IST" duration-ms="353" status="PASS">
          <reporter-output>
          </reporter-output>
        </test-method> <!-- setup -->
        <test-method signature="test_createUser()[pri:1, instance:api.test.UserTests@4a883b15]" started-at="2023-03-07T18:45:15 IST" name="test_createUser" finished-at="2023-03-07T18:45:20 IST" duration-ms="4482" status="PASS">
          <reporter-output>
          </reporter-output>
        </test-method> <!-- test_createUser -->
        <test-method signature="test_getuserbyname()[pri:2, instance:api.test.UserTests@4a883b15]" started-at="2023-03-07T18:45:20 IST" name="test_getuserbyname" finished-at="2023-03-07T18:45:21 IST" duration-ms="1413" status="PASS">
          <reporter-output>
          </reporter-output>
        </test-method> <!-- test_getuserbyname -->
        <test-method signature="test_updateUser()[pri:3, instance:api.test.UserTests@4a883b15]" started-at="2023-03-07T18:45:21 IST" name="test_updateUser" finished-at="2023-03-07T18:45:24 IST" duration-ms="2678" status="PASS">
          <reporter-output>
          </reporter-output>
        </test-method> <!-- test_updateUser -->
        <test-method signature="test_deleteuserbyname()[pri:4, instance:api.test.UserTests@4a883b15]" started-at="2023-03-07T18:45:24 IST" name="test_deleteuserbyname" finished-at="2023-03-07T18:45:25 IST" duration-ms="1337" status="PASS">
          <reporter-output>
          </reporter-output>
        </test-method> <!-- test_deleteuserbyname -->
      </class> <!-- api.test.UserTests -->
    </test> <!-- PetTests -->
  </suite> <!-- PetSuite -->
</testng-results>
