<?xml version="1.0" encoding="UTF-8"?>
<testng-results ignored="0" total="4" passed="4" failed="0" skipped="0">
  <reporter-output>
  </reporter-output>
  <suite started-at="2023-03-07T18:39:52 IST" name="PetSuite" finished-at="2023-03-07T18:40:05 IST" duration-ms="12942">
    <groups>
    </groups>
    <test started-at="2023-03-07T18:39:52 IST" name="PetTests" finished-at="2023-03-07T18:40:05 IST" duration-ms="12942">
      <class name="api.test.UserTests">
        <test-method is-config="true" signature="setup()[pri:0, instance:api.test.UserTests@4c1909a3]" started-at="2023-03-07T18:39:53 IST" name="setup" finished-at="2023-03-07T18:39:54 IST" duration-ms="353" status="PASS">
          <reporter-output>
          </reporter-output>
        </test-method> <!-- setup -->
        <test-method signature="test_createUser()[pri:1, instance:api.test.UserTests@4c1909a3]" started-at="2023-03-07T18:39:54 IST" name="test_createUser" finished-at="2023-03-07T18:39:58 IST" duration-ms="4545" status="PASS">
          <reporter-output>
          </reporter-output>
        </test-method> <!-- test_createUser -->
        <test-method signature="test_getuserbyname()[pri:2, instance:api.test.UserTests@4c1909a3]" started-at="2023-03-07T18:39:58 IST" name="test_getuserbyname" finished-at="2023-03-07T18:40:00 IST" duration-ms="2317" status="PASS">
          <reporter-output>
          </reporter-output>
        </test-method> <!-- test_getuserbyname -->
        <test-method signature="test_updateUser()[pri:3, instance:api.test.UserTests@4c1909a3]" started-at="2023-03-07T18:40:00 IST" name="test_updateUser" finished-at="2023-03-07T18:40:04 IST" duration-ms="3184" status="PASS">
          <reporter-output>
          </reporter-output>
        </test-method> <!-- test_updateUser -->
        <test-method signature="test_deleteuserbyname()[pri:4, instance:api.test.UserTests@4c1909a3]" started-at="2023-03-07T18:40:04 IST" name="test_deleteuserbyname" finished-at="2023-03-07T18:40:05 IST" duration-ms="1702" status="PASS">
          <reporter-output>
          </reporter-output>
        </test-method> <!-- test_deleteuserbyname -->
      </class> <!-- api.test.UserTests -->
    </test> <!-- PetTests -->
  </suite> <!-- PetSuite -->
</testng-results>
