<?xml version="1.0" encoding="UTF-8"?>
<testng-results ignored="0" total="4" passed="4" failed="0" skipped="0">
  <reporter-output>
  </reporter-output>
  <suite started-at="2023-03-05T19:03:03 IST" name="Default suite" finished-at="2023-03-05T19:03:13 IST" duration-ms="10000">
    <groups>
    </groups>
    <test started-at="2023-03-05T19:03:03 IST" name="Default test" finished-at="2023-03-05T19:03:13 IST" duration-ms="10000">
      <class name="api.test.UserTests">
        <test-method is-config="true" signature="setup()[pri:0, instance:api.test.UserTests@32502377]" started-at="2023-03-05T19:03:03 IST" name="setup" finished-at="2023-03-05T19:03:03 IST" duration-ms="403" status="PASS">
          <reporter-output>
          </reporter-output>
        </test-method> <!-- setup -->
        <test-method signature="test_createUser()[pri:1, instance:api.test.UserTests@32502377]" started-at="2023-03-05T19:03:03 IST" name="test_createUser" finished-at="2023-03-05T19:03:07 IST" duration-ms="4102" status="PASS">
          <reporter-output>
          </reporter-output>
        </test-method> <!-- test_createUser -->
        <test-method signature="test_getuserbyname()[pri:2, instance:api.test.UserTests@32502377]" started-at="2023-03-05T19:03:07 IST" name="test_getuserbyname" finished-at="2023-03-05T19:03:09 IST" duration-ms="1617" status="PASS">
          <reporter-output>
          </reporter-output>
        </test-method> <!-- test_getuserbyname -->
        <test-method signature="test_updateUser()[pri:3, instance:api.test.UserTests@32502377]" started-at="2023-03-05T19:03:09 IST" name="test_updateUser" finished-at="2023-03-05T19:03:11 IST" duration-ms="2521" status="PASS">
          <reporter-output>
          </reporter-output>
        </test-method> <!-- test_updateUser -->
        <test-method signature="test_deleteuserbyname()[pri:4, instance:api.test.UserTests@32502377]" started-at="2023-03-05T19:03:11 IST" name="test_deleteuserbyname" finished-at="2023-03-05T19:03:13 IST" duration-ms="1251" status="PASS">
          <reporter-output>
          </reporter-output>
        </test-method> <!-- test_deleteuserbyname -->
      </class> <!-- api.test.UserTests -->
    </test> <!-- Default test -->
  </suite> <!-- Default suite -->
</testng-results>
