<?xml version="1.0" encoding="UTF-8"?>
<!-- Generated by org.testng.reporters.JUnitXMLReporter -->
<testsuite ignored="0" hostname="DESKTOP-098VFUB" failures="0" tests="4" name="PetTests" time="10.816" errors="0" timestamp="2023-03-07T18:45:26 IST">
  <testcase classname="api.test.UserTests" name="test_createUser" time="4.482"/>
  <testcase classname="api.test.UserTests" name="test_getuserbyname" time="1.413"/>
  <testcase classname="api.test.UserTests" name="test_updateUser" time="2.678"/>
  <testcase classname="api.test.UserTests" name="test_deleteuserbyname" time="1.337"/>
</testsuite> <!-- PetTests -->
