<?xml version="1.0" encoding="UTF-8"?>
<!-- Generated by org.testng.reporters.JUnitXMLReporter -->
<testsuite ignored="0" hostname="DESKTOP-098VFUB" failures="0" tests="4" name="PetTests" time="12.942" errors="0" timestamp="2023-03-07T18:40:06 IST">
  <testcase classname="api.test.UserTests" name="test_createUser" time="4.545"/>
  <testcase classname="api.test.UserTests" name="test_getuserbyname" time="2.317"/>
  <testcase classname="api.test.UserTests" name="test_updateUser" time="3.184"/>
  <testcase classname="api.test.UserTests" name="test_deleteuserbyname" time="1.702"/>
</testsuite> <!-- PetTests -->
